C51 COMPILER V9.01   BEEP                                                                  04/23/2015 00:08:44 PAGE 1   


C51 COMPILER V9.01, COMPILATION OF MODULE BEEP
OBJECT MODULE PLACED IN beep.obj
COMPILER INVOKED BY: D:\Keil\C51\BIN\C51.EXE Source\beep.c COMPACT BROWSE DEBUG OBJECTEXTEND PRINT(.\beep.lst) OBJECT(be
                    -ep.obj)

line level    source

   1          #include "reg52.h"
   2          #include "timer.h"
   3          
   4          #define uchar unsigned char
   5          #define uint  unsigned int
   6          
   7          sbit beep = P3^4;
   8          sbit led = P3^5;
   9          
  10          void  beep1()    
  11          {                 
  12   1          unsigned int i,j;
  13   1              for(i=0;i<600;i++)
  14   1              {
  15   2            for(j=80;j>0;j--);          
  16   2            beep=~beep;
  17   2              }
  18   1      }
  19          
  20          void LED_BLINK_1()
  21          {
  22   1         led = 0;
  23   1         Delay_ms(500);
  24   1         led = 1;
  25   1      }
  26          
  27          void LED_BLINK_2()
  28          {
  29   1         led = 0;
  30   1         Delay_ms(250);
  31   1         led = 1;
  32   1         Delay_ms(250);
  33   1         led = 0;
  34   1         Delay_ms(250);
  35   1         led = 1;
  36   1      }  


MODULE INFORMATION:   STATIC OVERLAYABLE
   CODE SIZE        =     72    ----
   CONSTANT SIZE    =   ----    ----
   XDATA SIZE       =   ----    ----
   PDATA SIZE       =   ----    ----
   DATA SIZE        =   ----    ----
   IDATA SIZE       =   ----    ----
   BIT SIZE         =   ----    ----
END OF MODULE INFORMATION.


C51 COMPILATION COMPLETE.  0 WARNING(S),  0 ERROR(S)
