C51 COMPILER V9.01   LCD12864                                                              04/23/2015 00:08:45 PAGE 1   


C51 COMPILER V9.01, COMPILATION OF MODULE LCD12864
OBJECT MODULE PLACED IN lcd12864.obj
COMPILER INVOKED BY: D:\Keil\C51\BIN\C51.EXE Source\lcd12864.c COMPACT BROWSE DEBUG OBJECTEXTEND PRINT(.\lcd12864.lst) O
                    -BJECT(lcd12864.obj)

line level    source

   1          #include <reg52.h>
   2          #include <intrins.h>
   3          #define uchar unsigned char
   4          #define uint  unsigned int
   5          
   6          /*LCD12864  端口定义*/
   7          #define LCD_data  P0            //数据口
   8          sbit LCD_RS  =  P2^2;            //寄存器选择输入 
   9          sbit LCD_RW  =  P2^1;            //液晶读/写控制
  10          sbit LCD_EN  =  P2^0;            //液晶使能控制
  11          //sbit LCD_PSB =  P0^4;            //串/并方式控制,部分液晶不需要
  12          
  13          uchar code dis0[]=" 易控实验室RFID ";
  14          uchar code dis1[]="                ";
  15          uchar code dis2[]="                ";
  16          uchar code dis3[]="                ";
  17          
  18          
  19          void delay(int ms)       //延时xms
  20          {
  21   1          while(ms--)
  22   1              {
  23   2            uchar i;
  24   2                for(i=0;i<250;i++)  
  25   2                 {
  26   3                  _nop_();                       
  27   3                      _nop_();
  28   3                      _nop_();
  29   3                      _nop_();
  30   3                 }
  31   2              }
  32   1      }       
  33          
  34          void delayNOP()  //延时4us
  35          { _nop_(); _nop_(); _nop_(); _nop_();}
  36          
  37          /*******************************************************************/
  38          /*                                                                 */
  39          /*检查LCD忙状态                                                    */
  40          /*lcd_busy为1时，忙，等待。lcd-busy为0时,闲，可写指令与数据。      */
  41          /*                                                                 */
  42          /*******************************************************************/
  43          bit lcd_busy()
  44           {                          
  45   1          bit result;
  46   1          LCD_RS = 0;
  47   1          LCD_RW = 1;
  48   1          LCD_EN = 1;
  49   1          delayNOP();
  50   1          result = (bit)(LCD_data&0x80);
  51   1          LCD_EN = 0;
  52   1          return(result); 
  53   1       }
  54          /*******************************************************************/
C51 COMPILER V9.01   LCD12864                                                              04/23/2015 00:08:45 PAGE 2   

  55          /*                                                                 */
  56          /*写指令数据到LCD                                                  */
  57          /*RS=L，RW=L，E=高脉冲，D0-D7=指令码。                             */
  58          /*                                                                 */
  59          /*******************************************************************/
  60          void write_cmd(uchar cmd)
  61          {                          
  62   1         while(lcd_busy());
  63   1          LCD_RS = 0;
  64   1          LCD_RW = 0;
  65   1          LCD_EN = 0;
  66   1          _nop_();
  67   1          _nop_(); 
  68   1          LCD_data = cmd;
  69   1          delayNOP();
  70   1          LCD_EN = 1;
  71   1          delayNOP();
  72   1          LCD_EN = 0;  
  73   1      }
  74          /*******************************************************************/
  75          /*                                                                 */
  76          /*写显示数据到LCD                                                  */
  77          /*RS=H，RW=L，E=高脉冲，D0-D7=数据。                               */
  78          /*                                                                 */
  79          /*******************************************************************/
  80          void lcd_wdat(uchar dat)
  81          {                          
  82   1         while(lcd_busy());
  83   1          LCD_RS = 1;
  84   1          LCD_RW = 0;
  85   1          LCD_EN = 0;
  86   1          LCD_data= dat;
  87   1          delayNOP();
  88   1          LCD_EN = 1;
  89   1          delayNOP();
  90   1          LCD_EN = 0; 
  91   1      }
  92          /*******************************************************************/
  93          /*                                                                 */
  94          /*  LCD初始化设定                                                  */
  95          /*                                                                 */
  96          /*******************************************************************/
  97          void lcd_init()
  98          { 
  99   1      
 100   1       //   LCD_PSB = 1;         //并口方式   ，部分液晶不需要
 101   1          write_cmd(0x36);      //扩充指令操作
 102   1          delay(5);
 103   1          write_cmd(0x30);      //基本指令操
 104   1              delay(5);
 105   1          write_cmd(0x0C);      //显示开，关光标
 106   1          delay(5);
 107   1          write_cmd(0x01);      //清除LCD的显示内容
 108   1          delay(5);
 109   1      }         
 110          /*********************************************************/
 111          /*                                                       */
 112          /* 设定显示位置                                          */
 113          /*                                                       */
 114          /*********************************************************/
 115          void lcd_pos(uchar X,uchar Y)
 116          {                          
C51 COMPILER V9.01   LCD12864                                                              04/23/2015 00:08:45 PAGE 3   

 117   1         uchar  pos;
 118   1         if (X==0)
 119   1           {X=0x80;}
 120   1         else if (X==1)
 121   1           {X=0x90;}
 122   1         else if (X==2)
 123   1           {X=0x88;}
 124   1         else if (X==3)
 125   1           {X=0x98;}
 126   1         pos = X+Y ;  
 127   1         write_cmd(pos);     //显示地址
 128   1      }
 129          
 130          /*********************************************************/
 131          /*                                                                                                               */
 132          /* 主程序                                                                                */
 133          /*                                                       */
 134          /*********************************************************/
 135          void display()
 136           {
 137   1      
 138   1          uchar i;          
 139   1                        
 140   1                lcd_pos(0,0);             //第一行显示数字0~9
 141   1                i = 0;   
 142   1            while(dis0[i] != '\0')
 143   1             {
 144   2               lcd_wdat(dis0[i]);      //显示字母
 145   2               i++;
 146   2             }
 147   1                   
 148   1            lcd_pos(1,0);             //第二行显示字母
 149   1                i = 0;   
 150   1            while(dis1[i] != '\0')
 151   1             {
 152   2               lcd_wdat(dis1[i]);      //显示字母
 153   2               i++;
 154   2             }
 155   1      
 156   1                lcd_pos(2,0);             //第三行显示文字
 157   1                i = 0;
 158   1            while(dis2[i] != '\0')
 159   1             {
 160   2               lcd_wdat(dis2[i]);     
 161   2               i++;
 162   2             }
 163   1      
 164   1                lcd_pos(3,0);             //第四行显示广工无线电社
 165   1                i = 0;
 166   1            while(dis3[i] != '\0')
 167   1             {
 168   2               lcd_wdat(dis3[i]);     
 169   2               i++;
 170   2             }
 171   1                
 172   1      }


MODULE INFORMATION:   STATIC OVERLAYABLE
   CODE SIZE        =    266    ----
   CONSTANT SIZE    =     68    ----
   XDATA SIZE       =   ----    ----
C51 COMPILER V9.01   LCD12864                                                              04/23/2015 00:08:45 PAGE 4   

   PDATA SIZE       =   ----       1
   DATA SIZE        =   ----    ----
   IDATA SIZE       =   ----    ----
   BIT SIZE         =   ----       1
END OF MODULE INFORMATION.


C51 COMPILATION COMPLETE.  0 WARNING(S),  0 ERROR(S)
