C51 COMPILER V9.01   RC522_RFID_READ                                                       04/23/2015 00:08:44 PAGE 1   


C51 COMPILER V9.01, COMPILATION OF MODULE RC522_RFID_READ
OBJECT MODULE PLACED IN RC522_RFID_READ.obj
COMPILER INVOKED BY: D:\Keil\C51\BIN\C51.EXE Source\RC522_RFID_READ.c COMPACT BROWSE DEBUG OBJECTEXTEND PRINT(.\RC522_RF
                    -ID_READ.lst) OBJECT(RC522_RFID_READ.obj)

line level    source

   1          #include "reg52.h"
   2          #include "depend.h"
   3          #include "uart.h"
   4          #include "timer.h"
   5          #include "rc522.h"
   6          #include "ctrl.h"
   7          #include "lcd12864.h"
   8          #include "beep.h"
   9          
  10          void init_all(void)     //初始化
  11          {
  12   1              EA = 0;       //关总中断                 
  13   1              init_timer(); //定时器初始化
  14   1              init_uart();  //串口初始化
  15   1              init_rc522(); //RC522初始化     
  16   1              lcd_init();       //LCD初始化      
  17   1              EA = 1;           //开总中断
  18   1      }
  19          
  20          void main(void)   //主函数
  21          {       
  22   1      
  23   1              Delay_ms(500); //让硬件稳定
  24   1              init_all();        //执行初始化函数     
  25   1              LED_BLINK_1(); //led test
  26   1              beep1();           //beep test 
  27   1              display();     //LCD TEST       
  28   1              while(1)
  29   1              {
  30   2                      ctrl_process(); //进入RC522操作
  31   2              }
  32   1      }         
  33          


MODULE INFORMATION:   STATIC OVERLAYABLE
   CODE SIZE        =     41    ----
   CONSTANT SIZE    =   ----    ----
   XDATA SIZE       =   ----    ----
   PDATA SIZE       =   ----    ----
   DATA SIZE        =   ----    ----
   IDATA SIZE       =   ----    ----
   BIT SIZE         =   ----    ----
END OF MODULE INFORMATION.


C51 COMPILATION COMPLETE.  0 WARNING(S),  0 ERROR(S)
