C51 COMPILER V9.01   UART                                                                  04/23/2015 00:08:45 PAGE 1   


C51 COMPILER V9.01, COMPILATION OF MODULE UART
OBJECT MODULE PLACED IN uart.obj
COMPILER INVOKED BY: D:\Keil\C51\BIN\C51.EXE Source\uart.c COMPACT BROWSE DEBUG OBJECTEXTEND PRINT(.\uart.lst) OBJECT(ua
                    -rt.obj)

line level    source

   1          #include "reg52.h"
   2          #include "depend.h"
   3          #include "uart.h"
   4          #include "timer.h"
   5          
   6          INT8U  UartBuf[UART_MAX_LEN] = { 0 };
   7          INT8U UartCount = 0, UartLen = 0, UartStart = FALSE, UartComp = FALSE;
   8          
   9          /**********************************************************************
  10          functionName:putChar(BYTE sentData)
  11          description:通过串口发送数据sentData
  12          **********************************************************************/
  13          void send_byte( INT8U SendData )
  14          {
  15   1              ES = 0;
  16   1              TI = 0;
  17   1              SBUF = SendData;
  18   1              while( TI == 0 );
  19   1              TI = 0;
  20   1              ES = 1;
  21   1      }
  22          
  23          
  24          void send_bytes( INT8U *Buf, INT8U Len )
  25          {
  26   1              while( Len-- )
  27   1              {
  28   2                      send_byte( *Buf++ );    
  29   2              }
  30   1      }
  31          
  32          
  33          /**********************************************************************
  34          串口发送格式：fe  cmdlen  datalen cxx cxx dxx dxx dxx ... check
  35          **********************************************************************/
  36          void uart_interrupt_receive(void) interrupt 4
  37          {
  38   1              INT8U ReByte;
  39   1              if( RI == 1 )
  40   1              {
  41   2                      RI = 0;
  42   2                      UartWaitTime = 0;
  43   2                      ReByte = SBUF;
  44   2                      //send_byte( ReByte );
  45   2                      if( ( UartStart == FALSE ) && ( ReByte == 0xFE ) ) //FE为起始码
  46   2                      {
  47   3                              UartStart = TRUE;
  48   3                              UartCount = 0;
  49   3                              UartLen = 255;
  50   3                      }
  51   2      
  52   2                      else if( UartStart == TRUE )  //已经开始了接收数据
  53   2                      {
  54   3                              UartBuf[ UartCount++ ] = ReByte;
C51 COMPILER V9.01   UART                                                                  04/23/2015 00:08:45 PAGE 2   

  55   3                              if( UartCount == 2 )                //计算数据长度
  56   3                              {
  57   4                                      UartLen = UartBuf[0] + UartBuf[1] + 3;
  58   4                              }
  59   3                              else if( UartCount >= UartLen )  //接收特定数量的数据
  60   3                              {
  61   4                                      UartComp = TRUE;    
  62   4                              }
  63   3                              if( UartCount >= 45 )
  64   3                              {
  65   4                                      UartCount = 45;
  66   4                              }
  67   3                      }
  68   2              }
  69   1      }
  70          
  71          void init_uart(void)
  72          {
  73   1              SCON = 0x50;
  74   1              ES=1;
  75   1      }


MODULE INFORMATION:   STATIC OVERLAYABLE
   CODE SIZE        =    187    ----
   CONSTANT SIZE    =   ----    ----
   XDATA SIZE       =   ----    ----
   PDATA SIZE       =     54       3
   DATA SIZE        =   ----    ----
   IDATA SIZE       =   ----    ----
   BIT SIZE         =   ----    ----
END OF MODULE INFORMATION.


C51 COMPILATION COMPLETE.  0 WARNING(S),  0 ERROR(S)
